<?xml version="1.0" encoding="UTF-8"?>
<testsuites>
	<testsuite tests="17" failures="0" time="0.040" name="github.com/kyma-project/rafter/internal/assethook">
		<properties>
			<property name="go.version" value="go1.13.4"></property>
		</properties>
		<testcase classname="assethook" name="TestMetadataEngine_Extract" time="0.000"></testcase>
		<testcase classname="assethook" name="TestMutationEngine_Mutate" time="0.000"></testcase>
		<testcase classname="assethook" name="TestMutationEngine_Mutate/fail" time="0.000"></testcase>
		<testcase classname="assethook" name="TestMutationEngine_Mutate/success" time="0.000"></testcase>
		<testcase classname="assethook" name="TestMutationEngine_Mutate/error" time="0.000"></testcase>
		<testcase classname="assethook" name="TestProcessor_Do" time="0.000"></testcase>
		<testcase classname="assethook" name="TestProcessor_Do/Success" time="0.000"></testcase>
		<testcase classname="assethook" name="TestProcessor_Do/Error_on_service_call" time="0.000"></testcase>
		<testcase classname="assethook" name="TestProcessor_Do/Message_on_failed_callback" time="0.000"></testcase>
		<testcase classname="assethook" name="TestProcessor_Do/Error_on_failed_callback" time="0.000"></testcase>
		<testcase classname="assethook" name="TestProcessor_Do/Message_on_success_callback" time="0.000"></testcase>
		<testcase classname="assethook" name="TestProcessor_Do/Error_on_success_callback" time="0.000"></testcase>
		<testcase classname="assethook" name="TestProcessor_Do/Invalid_file" time="0.000"></testcase>
		<testcase classname="assethook" name="TestValidationEngine_Validate" time="0.000"></testcase>
		<testcase classname="assethook" name="TestValidationEngine_Validate/error" time="0.000"></testcase>
		<testcase classname="assethook" name="TestValidationEngine_Validate/fail" time="0.000"></testcase>
		<testcase classname="assethook" name="TestValidationEngine_Validate/success" time="0.000"></testcase>
	</testsuite>
	<testsuite tests="10" failures="0" time="0.655" name="github.com/kyma-project/rafter/internal/bucket">
		<properties>
			<property name="go.version" value="go1.13.4"></property>
		</properties>
		<testcase classname="bucket" name="TestHandler_CreateSystemBuckets" time="0.610"></testcase>
		<testcase classname="bucket" name="TestHandler_CreateSystemBuckets/Success" time="0.000"></testcase>
		<testcase classname="bucket" name="TestHandler_CreateSystemBuckets/Exists" time="0.000"></testcase>
		<testcase classname="bucket" name="TestHandler_CreateSystemBuckets/Temporary_Errors" time="0.200"></testcase>
		<testcase classname="bucket" name="TestHandler_CreateSystemBuckets/Fatal_Errors" time="0.410"></testcase>
		<testcase classname="bucket" name="TestBucketHandler_CreateIfDoesntExist" time="0.000"></testcase>
		<testcase classname="bucket" name="TestBucketHandler_CreateIfDoesntExist/SuccessRegion" time="0.000"></testcase>
		<testcase classname="bucket" name="TestBucketHandler_CreateIfDoesntExist/Exists" time="0.000"></testcase>
		<testcase classname="bucket" name="TestBucketHandler_CreateIfDoesntExist/Error" time="0.000"></testcase>
		<testcase classname="bucket" name="TestBucketHandler_CreateIfDoesntExist/ErrorCheckingIfExists" time="0.000"></testcase>
	</testsuite>
	<testsuite tests="9" failures="0" time="0.021" name="github.com/kyma-project/rafter/internal/configurer">
		<properties>
			<property name="go.version" value="go1.13.4"></property>
		</properties>
		<testcase classname="configurer" name="TestConfigurer_LoadIfExists" time="0.000"></testcase>
		<testcase classname="configurer" name="TestConfigurer_LoadIfExists/Success" time="0.000"></testcase>
		<testcase classname="configurer" name="TestConfigurer_LoadIfExists/Doesn&#39;t_exist" time="0.000"></testcase>
		<testcase classname="configurer" name="TestConfigurer_LoadIfExists/Error" time="0.000"></testcase>
		<testcase classname="configurer" name="TestConfigurer_LoadIfExists/Disabled" time="0.000"></testcase>
		<testcase classname="configurer" name="TestConfigurer_Save" time="0.000"></testcase>
		<testcase classname="configurer" name="TestConfigurer_Save/Success" time="0.000"></testcase>
		<testcase classname="configurer" name="TestConfigurer_Save/Error" time="0.000"></testcase>
		<testcase classname="configurer" name="TestConfigurer_Save/Disabled" time="0.000"></testcase>
	</testsuite>
	<testsuite tests="1" failures="0" time="4.274" name="github.com/kyma-project/rafter/internal/controllers">
		<properties>
			<property name="go.version" value="go1.13.4"></property>
		</properties>
		<testcase classname="controllers" name="TestAPIs" time="4.250"></testcase>
	</testsuite>
	<testsuite tests="5" failures="0" time="0.032" name="github.com/kyma-project/rafter/internal/finalizer">
		<properties>
			<property name="go.version" value="go1.13.4"></property>
		</properties>
		<testcase classname="finalizer" name="TestFinalizerAdder_AddTo" time="0.000"></testcase>
		<testcase classname="finalizer" name="TestFinalizerAdder_DeleteFrom" time="0.000"></testcase>
		<testcase classname="finalizer" name="TestFinalizerAdder_IsDefinedIn" time="0.000"></testcase>
		<testcase classname="finalizer" name="TestFinalizerAdder_IsDefinedIn/Defined" time="0.000"></testcase>
		<testcase classname="finalizer" name="TestFinalizerAdder_IsDefinedIn/NotDefined" time="0.000"></testcase>
	</testsuite>
	<testsuite tests="35" failures="0" time="0.029" name="github.com/kyma-project/rafter/internal/handler/asset">
		<properties>
			<property name="go.version" value="go1.13.4"></property>
		</properties>
		<testcase classname="asset" name="TestAssetHandler_Handle_OnAddOrUpdate" time="0.000"></testcase>
		<testcase classname="asset" name="TestAssetHandler_Handle_OnAddOrUpdate/OnAdd" time="0.000"></testcase>
		<testcase classname="asset" name="TestAssetHandler_Handle_OnAddOrUpdate/OnUpdate" time="0.000"></testcase>
		<testcase classname="asset" name="TestAssetHandler_Handle_Default" time="0.000"></testcase>
		<testcase classname="asset" name="TestAssetHandler_Handle_OnReady" time="0.000"></testcase>
		<testcase classname="asset" name="TestAssetHandler_Handle_OnReady/NotTaken" time="0.000"></testcase>
		<testcase classname="asset" name="TestAssetHandler_Handle_OnReady/NotChanged" time="0.000"></testcase>
		<testcase classname="asset" name="TestAssetHandler_Handle_OnReady/BucketNotReady" time="0.000"></testcase>
		<testcase classname="asset" name="TestAssetHandler_Handle_OnReady/BucketError" time="0.000"></testcase>
		<testcase classname="asset" name="TestAssetHandler_Handle_OnReady/MissingFiles" time="0.000"></testcase>
		<testcase classname="asset" name="TestAssetHandler_Handle_OnReady/ContainsError" time="0.000"></testcase>
		<testcase classname="asset" name="TestAssetHandler_Handle_OnPending" time="0.000"></testcase>
		<testcase classname="asset" name="TestAssetHandler_Handle_OnPending/WithWebhooks" time="0.000"></testcase>
		<testcase classname="asset" name="TestAssetHandler_Handle_OnPending/WithoutWebhooks" time="0.000"></testcase>
		<testcase classname="asset" name="TestAssetHandler_Handle_OnPending/LoadError" time="0.000"></testcase>
		<testcase classname="asset" name="TestAssetHandler_Handle_OnPending/MutationFailed" time="0.000"></testcase>
		<testcase classname="asset" name="TestAssetHandler_Handle_OnPending/MutationError" time="0.000"></testcase>
		<testcase classname="asset" name="TestAssetHandler_Handle_OnPending/MetadataExtractionFailed" time="0.000"></testcase>
		<testcase classname="asset" name="TestAssetHandler_Handle_OnPending/ValidationError" time="0.000"></testcase>
		<testcase classname="asset" name="TestAssetHandler_Handle_OnPending/ValidationFailed" time="0.000"></testcase>
		<testcase classname="asset" name="TestAssetHandler_Handle_OnPending/UploadError" time="0.000"></testcase>
		<testcase classname="asset" name="TestAssetHandler_Handle_OnPending/BucketNotReady" time="0.000"></testcase>
		<testcase classname="asset" name="TestAssetHandler_Handle_OnPending/BucketStatusError" time="0.000"></testcase>
		<testcase classname="asset" name="TestAssetHandler_Handle_OnPending/OnBucketNotReadyBeforeTime" time="0.000"></testcase>
		<testcase classname="asset" name="TestAssetHandler_Handle_OnFailed" time="0.000"></testcase>
		<testcase classname="asset" name="TestAssetHandler_Handle_OnFailed/ShouldHandle" time="0.000"></testcase>
		<testcase classname="asset" name="TestAssetHandler_Handle_OnFailed/ValidationFailed" time="0.000"></testcase>
		<testcase classname="asset" name="TestAssetHandler_Handle_OnFailed/MutationFailed" time="0.000"></testcase>
		<testcase classname="asset" name="TestAssetHandler_Handle_OnDelete" time="0.000"></testcase>
		<testcase classname="asset" name="TestAssetHandler_Handle_OnDelete/NoFiles" time="0.000"></testcase>
		<testcase classname="asset" name="TestAssetHandler_Handle_OnDelete/MultipleFiles" time="0.000"></testcase>
		<testcase classname="asset" name="TestAssetHandler_Handle_OnDelete/ListError" time="0.000"></testcase>
		<testcase classname="asset" name="TestAssetHandler_Handle_OnDelete/Error" time="0.000"></testcase>
		<testcase classname="asset" name="TestAssetHandler_Handle_OnDelete/BucketNotReady" time="0.000"></testcase>
		<testcase classname="asset" name="TestAssetHandler_Handle_OnDelete/BucketStatusError" time="0.000"></testcase>
	</testsuite>
	<testsuite tests="25" failures="0" time="0.033" name="github.com/kyma-project/rafter/internal/handler/assetgroup">
		<properties>
			<property name="go.version" value="go1.13.4"></property>
		</properties>
		<testcase classname="assetgroup" name="Test_findSource" time="0.000"></testcase>
		<testcase classname="assetgroup" name="Test_findSource/empty_slice" time="0.000"></testcase>
		<testcase classname="assetgroup" name="Test_findSource/nil_slice" time="0.000"></testcase>
		<testcase classname="assetgroup" name="Test_findSource/found" time="0.000"></testcase>
		<testcase classname="assetgroup" name="Test_findSource/not_found" time="0.000"></testcase>
		<testcase classname="assetgroup" name="Test_findSource/found2" time="0.000"></testcase>
		<testcase classname="assetgroup" name="TestAssetGroupHandler_Handle_AddOrUpdate" time="0.010"></testcase>
		<testcase classname="assetgroup" name="TestAssetGroupHandler_Handle_AddOrUpdate/Create" time="0.000"></testcase>
		<testcase classname="assetgroup" name="TestAssetGroupHandler_Handle_AddOrUpdate/CreateWithMetadata" time="0.000"></testcase>
		<testcase classname="assetgroup" name="TestAssetGroupHandler_Handle_AddOrUpdate/CreateWithBucketRef" time="0.000"></testcase>
		<testcase classname="assetgroup" name="TestAssetGroupHandler_Handle_AddOrUpdate/CreateError" time="0.000"></testcase>
		<testcase classname="assetgroup" name="TestAssetGroupHandler_Handle_AddOrUpdate/Update" time="0.000"></testcase>
		<testcase classname="assetgroup" name="TestAssetGroupHandler_Handle_AddOrUpdate/UpdateBucketRef" time="0.000"></testcase>
		<testcase classname="assetgroup" name="TestAssetGroupHandler_Handle_AddOrUpdate/UpdateErr2" time="0.000"></testcase>
		<testcase classname="assetgroup" name="TestAssetGroupHandler_Handle_AddOrUpdate/UpdateError" time="0.000"></testcase>
		<testcase classname="assetgroup" name="TestAssetGroupHandler_Handle_AddOrUpdate/Delete" time="0.000"></testcase>
		<testcase classname="assetgroup" name="TestAssetGroupHandler_Handle_AddOrUpdate/DeleteError" time="0.000"></testcase>
		<testcase classname="assetgroup" name="TestAssetGroupHandler_Handle_AddOrUpdate/CreateWithBucket" time="0.000"></testcase>
		<testcase classname="assetgroup" name="TestAssetGroupHandler_Handle_AddOrUpdate/BucketCreationError" time="0.000"></testcase>
		<testcase classname="assetgroup" name="TestAssetGroupHandler_Handle_AddOrUpdate/BucketListingError" time="0.000"></testcase>
		<testcase classname="assetgroup" name="TestAssetGroupHandler_Handle_AddOrUpdate/AssetsListingError" time="0.000"></testcase>
		<testcase classname="assetgroup" name="TestAssetGroupHandler_Handle_Status" time="0.000"></testcase>
		<testcase classname="assetgroup" name="TestAssetGroupHandler_Handle_Status/NotChanged" time="0.000"></testcase>
		<testcase classname="assetgroup" name="TestAssetGroupHandler_Handle_Status/Changed" time="0.000"></testcase>
		<testcase classname="assetgroup" name="TestAssetGroupHandler_Handle_Status/AssetError" time="0.000"></testcase>
	</testsuite>
	<testsuite tests="24" failures="0" time="0.026" name="github.com/kyma-project/rafter/internal/handler/bucket">
		<properties>
			<property name="go.version" value="go1.13.4"></property>
		</properties>
		<testcase classname="bucket" name="TestBucketHandler_Handle_Default" time="0.000"></testcase>
		<testcase classname="bucket" name="TestBucketHandler_Handle_OnAddOrUpdate" time="0.000"></testcase>
		<testcase classname="bucket" name="TestBucketHandler_Handle_OnAddOrUpdate/PolicyModified" time="0.000"></testcase>
		<testcase classname="bucket" name="TestBucketHandler_Handle_OnAddOrUpdate/NoBucket" time="0.000"></testcase>
		<testcase classname="bucket" name="TestBucketHandler_Handle_OnAddOrUpdate/BucketCreationFailure" time="0.000"></testcase>
		<testcase classname="bucket" name="TestBucketHandler_Handle_OnAddOrUpdate/BucketPolicyUpdateFailed" time="0.000"></testcase>
		<testcase classname="bucket" name="TestBucketHandler_Handle_OnReady" time="0.000"></testcase>
		<testcase classname="bucket" name="TestBucketHandler_Handle_OnReady/NotTaken" time="0.000"></testcase>
		<testcase classname="bucket" name="TestBucketHandler_Handle_OnReady/NotChanged" time="0.000"></testcase>
		<testcase classname="bucket" name="TestBucketHandler_Handle_OnReady/MissingBucket" time="0.000"></testcase>
		<testcase classname="bucket" name="TestBucketHandler_Handle_OnReady/BucketVerificationFailure" time="0.000"></testcase>
		<testcase classname="bucket" name="TestBucketHandler_Handle_OnReady/PolicyModified" time="0.000"></testcase>
		<testcase classname="bucket" name="TestBucketHandler_Handle_OnReady/PolicyModificationError" time="0.000"></testcase>
		<testcase classname="bucket" name="TestBucketHandler_Handle_OnReady/PolicyCompareError" time="0.000"></testcase>
		<testcase classname="bucket" name="TestBucketHandler_Handle_OnFailed" time="0.000"></testcase>
		<testcase classname="bucket" name="TestBucketHandler_Handle_OnFailed/BucketCreationFailure" time="0.000"></testcase>
		<testcase classname="bucket" name="TestBucketHandler_Handle_OnFailed/BucketVerificationFailure" time="0.000"></testcase>
		<testcase classname="bucket" name="TestBucketHandler_Handle_OnFailed/BucketPolicyUpdateFailed" time="0.000"></testcase>
		<testcase classname="bucket" name="TestBucketHandler_Handle_OnFailed/BucketNotFound" time="0.000"></testcase>
		<testcase classname="bucket" name="TestBucketHandler_Handle_OnDelete" time="0.000"></testcase>
		<testcase classname="bucket" name="TestBucketHandler_Handle_OnDelete/WithRemoteName" time="0.000"></testcase>
		<testcase classname="bucket" name="TestBucketHandler_Handle_OnDelete/NoRemoteName" time="0.000"></testcase>
		<testcase classname="bucket" name="TestBucketHandler_Handle_OnDelete/BucketNotFound" time="0.000"></testcase>
		<testcase classname="bucket" name="TestBucketHandler_Handle_OnDelete/Error" time="0.000"></testcase>
	</testsuite>
	<testsuite tests="21" failures="0" time="0.065" name="github.com/kyma-project/rafter/internal/loader">
		<properties>
			<property name="go.version" value="go1.13.4"></property>
		</properties>
		<testcase classname="loader" name="TestLoader_Clean" time="0.000"></testcase>
		<testcase classname="loader" name="TestLoader_Clean/Success" time="0.000"></testcase>
		<testcase classname="loader" name="TestLoader_Clean/Fail" time="0.000"></testcase>
		<testcase classname="loader" name="TestLoader_Load_NotSupported" time="0.000"></testcase>
		<testcase classname="loader" name="TestLoader_Load_Package" time="0.010"></testcase>
		<testcase classname="loader" name="TestLoader_Load_Package/ZipArchive" time="0.000"></testcase>
		<testcase classname="loader" name="TestLoader_Load_Package/TarGzArchive" time="0.000"></testcase>
		<testcase classname="loader" name="TestLoader_Load_Package/TarArchive" time="0.000"></testcase>
		<testcase classname="loader" name="TestLoader_Load_Package/TgzArchive" time="0.000"></testcase>
		<testcase classname="loader" name="TestLoader_Load_WithFilter" time="0.010"></testcase>
		<testcase classname="loader" name="TestLoader_Load_WithFilter/ReadmeFiles" time="0.000"></testcase>
		<testcase classname="loader" name="TestLoader_Load_WithFilter/FilesFromTestDirectory" time="0.000"></testcase>
		<testcase classname="loader" name="TestLoader_Load_WithFilter/NoFiles" time="0.000"></testcase>
		<testcase classname="loader" name="TestLoader_Load_WithFilter/AllFiles" time="0.000"></testcase>
		<testcase classname="loader" name="TestLoader_Load_WithFilter/MarkdownFiles" time="0.000"></testcase>
		<testcase classname="loader" name="TestLoader_Load_Single" time="0.000"></testcase>
		<testcase classname="loader" name="TestLoader_Load_Single/Success" time="0.000"></testcase>
		<testcase classname="loader" name="TestLoader_Load_Single/SuccessNoFileInPath" time="0.000"></testcase>
		<testcase classname="loader" name="TestLoader_Load_Single/FailTemp" time="0.000"></testcase>
		<testcase classname="loader" name="TestLoader_Load_Single/FailCreate" time="0.000"></testcase>
		<testcase classname="loader" name="TestLoader_Load_Single/FailDownload" time="0.000"></testcase>
	</testsuite>
	<testsuite tests="7" failures="0" time="0.039" name="github.com/kyma-project/rafter/internal/requesthandler">
		<properties>
			<property name="go.version" value="go1.13.4"></property>
		</properties>
		<testcase classname="requesthandler" name="TestRequestHandler_ServeHTTP" time="0.010"></testcase>
		<testcase classname="requesthandler" name="TestRequestHandler_ServeHTTP/Success" time="0.000"></testcase>
		<testcase classname="requesthandler" name="TestRequestHandler_ServeHTTP/Custom_Directory" time="0.000"></testcase>
		<testcase classname="requesthandler" name="TestRequestHandler_ServeHTTP/No_files_to_upload" time="0.000"></testcase>
		<testcase classname="requesthandler" name="TestRequestHandler_ServeHTTP/Partial_Errors" time="0.000"></testcase>
		<testcase classname="requesthandler" name="TestRequestHandler_ServeHTTP/Errors" time="0.000"></testcase>
		<testcase classname="requesthandler" name="TestRequestHandler_ServeHTTP/Metrics_endpoint" time="0.000"></testcase>
	</testsuite>
	<testsuite tests="6" failures="0" time="0.044" name="github.com/kyma-project/rafter/internal/route">
		<properties>
			<property name="go.version" value="go1.13.4"></property>
		</properties>
		<testcase classname="route" name="TestRequestHandler_ServeHTTP" time="0.010"></testcase>
		<testcase classname="route" name="TestRequestHandler_ServeHTTP/Success" time="0.000"></testcase>
		<testcase classname="route" name="TestRequestHandler_ServeHTTP/No_files_to_process" time="0.000"></testcase>
		<testcase classname="route" name="TestRequestHandler_ServeHTTP/Metrics_endpoint_answer" time="0.000"></testcase>
		<testcase classname="route" name="TestRequestHandler_ServeHTTP/Partial_Errors" time="0.000"></testcase>
		<testcase classname="route" name="TestRequestHandler_ServeHTTP/Errors" time="0.000"></testcase>
	</testsuite>
	<testsuite tests="48" failures="0" time="1.073" name="github.com/kyma-project/rafter/internal/store">
		<properties>
			<property name="go.version" value="go1.13.4"></property>
		</properties>
		<testcase classname="store" name="TestStore_BucketExists" time="0.000"></testcase>
		<testcase classname="store" name="TestStore_BucketExists/Exists" time="0.000"></testcase>
		<testcase classname="store" name="TestStore_BucketExists/NotExists" time="0.000"></testcase>
		<testcase classname="store" name="TestStore_BucketExists/Error" time="0.000"></testcase>
		<testcase classname="store" name="TestStore_CompareBucketPolicy" time="0.000"></testcase>
		<testcase classname="store" name="TestStore_CompareBucketPolicy/SuccessNone" time="0.000"></testcase>
		<testcase classname="store" name="TestStore_CompareBucketPolicy/SuccessReadOnly" time="0.000"></testcase>
		<testcase classname="store" name="TestStore_CompareBucketPolicy/SuccessWriteOnly" time="0.000"></testcase>
		<testcase classname="store" name="TestStore_CompareBucketPolicy/SuccessReadWrite" time="0.000"></testcase>
		<testcase classname="store" name="TestStore_CompareBucketPolicy/SuccessMerged" time="0.000"></testcase>
		<testcase classname="store" name="TestStore_CompareBucketPolicy/EmptyRemotePolicy" time="0.000"></testcase>
		<testcase classname="store" name="TestStore_CompareBucketPolicy/Error" time="0.000"></testcase>
		<testcase classname="store" name="TestStore_ContainsAllObjects" time="0.000"></testcase>
		<testcase classname="store" name="TestStore_ContainsAllObjects/Success" time="0.000"></testcase>
		<testcase classname="store" name="TestStore_ContainsAllObjects/MissingFiles" time="0.000"></testcase>
		<testcase classname="store" name="TestStore_ContainsAllObjects/EmptyBucket" time="0.000"></testcase>
		<testcase classname="store" name="TestStore_ContainsAllObjects/EmptyAsset" time="0.000"></testcase>
		<testcase classname="store" name="TestStore_ContainsAllObjects/ListObjectsError" time="0.000"></testcase>
		<testcase classname="store" name="TestStore_CreateBucket" time="1.040"></testcase>
		<testcase classname="store" name="TestStore_CreateBucket/SuccessNamespaced" time="0.000"></testcase>
		<testcase classname="store" name="TestStore_CreateBucket/SuccessClusterWide" time="0.000"></testcase>
		<testcase classname="store" name="TestStore_CreateBucket/BucketExists" time="0.000"></testcase>
		<testcase classname="store" name="TestStore_CreateBucket/CannotFindBucketName" time="1.030"></testcase>
		<testcase classname="store" name="TestStore_CreateBucket/BucketExistsError" time="0.000"></testcase>
		<testcase classname="store" name="TestStore_CreateBucket/MakeBucketError" time="0.000"></testcase>
		<testcase classname="store" name="TestStore_DeleteBucket" time="0.000"></testcase>
		<testcase classname="store" name="TestStore_DeleteBucket/Success" time="0.000"></testcase>
		<testcase classname="store" name="TestStore_DeleteBucket/EmptyBucket" time="0.000"></testcase>
		<testcase classname="store" name="TestStore_DeleteBucket/BucketNotExists" time="0.000"></testcase>
		<testcase classname="store" name="TestStore_DeleteBucket/BucketExistsError" time="0.000"></testcase>
		<testcase classname="store" name="TestStore_DeleteBucket/ListObjectsError" time="0.000"></testcase>
		<testcase classname="store" name="TestStore_DeleteBucket/RemoveBucketError" time="0.000"></testcase>
		<testcase classname="store" name="TestStore_DeleteObjects" time="0.000"></testcase>
		<testcase classname="store" name="TestStore_DeleteObjects/Success" time="0.000"></testcase>
		<testcase classname="store" name="TestStore_DeleteObjects/SuccessWithPrefix" time="0.000"></testcase>
		<testcase classname="store" name="TestStore_DeleteObjects/NoObjects" time="0.000"></testcase>
		<testcase classname="store" name="TestStore_DeleteObjects/ListObjectsError" time="0.000"></testcase>
		<testcase classname="store" name="TestStore_DeleteObjects/RemoveObjectsError" time="0.000"></testcase>
		<testcase classname="store" name="TestStore_PutObjects" time="0.000"></testcase>
		<testcase classname="store" name="TestStore_PutObjects/Success" time="0.000"></testcase>
		<testcase classname="store" name="TestStore_PutObjects/Error" time="0.000"></testcase>
		<testcase classname="store" name="TestStore_PutObjects/NoFiles" time="0.000"></testcase>
		<testcase classname="store" name="TestStore_SetBucketPolicy" time="0.000"></testcase>
		<testcase classname="store" name="TestStore_SetBucketPolicy/SuccessNone" time="0.000"></testcase>
		<testcase classname="store" name="TestStore_SetBucketPolicy/SuccessReadOnly" time="0.000"></testcase>
		<testcase classname="store" name="TestStore_SetBucketPolicy/SuccessWriteOnly" time="0.000"></testcase>
		<testcase classname="store" name="TestStore_SetBucketPolicy/SuccessReadWrite" time="0.000"></testcase>
		<testcase classname="store" name="TestStore_SetBucketPolicy/Error" time="0.000"></testcase>
	</testsuite>
	<testsuite tests="12" failures="0" time="0.041" name="github.com/kyma-project/rafter/internal/uploader">
		<properties>
			<property name="go.version" value="go1.13.4"></property>
		</properties>
		<testcase classname="uploader" name="TestUploader_UploadFiles" time="0.000"></testcase>
		<testcase classname="uploader" name="TestUploader_UploadFiles/Success" time="0.000"></testcase>
		<testcase classname="uploader" name="TestUploader_UploadFiles/Error" time="0.000"></testcase>
		<testcase classname="uploader" name="TestUploader_PopulateErrors" time="0.000"></testcase>
		<testcase classname="uploader" name="TestUploader_PopulateErrors/Errors" time="0.000"></testcase>
		<testcase classname="uploader" name="TestUploader_PopulateErrors/No_Errors" time="0.000"></testcase>
		<testcase classname="uploader" name="TestUploader_PopulateResults" time="0.000"></testcase>
		<testcase classname="uploader" name="TestUploader_PopulateResults/Results" time="0.000"></testcase>
		<testcase classname="uploader" name="TestUploader_PopulateResults/No_Results" time="0.000"></testcase>
		<testcase classname="uploader" name="TestOrigin" time="0.000"></testcase>
		<testcase classname="uploader" name="TestOrigin/Not_secure" time="0.000"></testcase>
		<testcase classname="uploader" name="TestOrigin/Secure" time="0.000"></testcase>
	</testsuite>
	<testsuite tests="2" failures="0" time="0.031" name="github.com/kyma-project/rafter/internal/webhookconfig">
		<properties>
			<property name="go.version" value="go1.13.4"></property>
		</properties>
		<testcase classname="webhookconfig" name="TestAssetWebhookConfigService" time="0.000"></testcase>
		<testcase classname="webhookconfig" name="TestAssetWebhookConfigService/Get" time="0.000"></testcase>
	</testsuite>
	<testsuite tests="10" failures="0" time="0.055" name="github.com/kyma-project/rafter/pkg/endpoint/asyncapi">
		<properties>
			<property name="go.version" value="go1.13.4"></property>
		</properties>
		<testcase classname="asyncapi" name="TestV1Validation" time="0.030"></testcase>
		<testcase classname="asyncapi" name="TestV1Validation/invalid_yaml" time="0.010"></testcase>
		<testcase classname="asyncapi" name="TestV1Validation/valid_json" time="0.010"></testcase>
		<testcase classname="asyncapi" name="TestV1Validation/invalid_json" time="0.010"></testcase>
		<testcase classname="asyncapi" name="TestV1Validation/valid_yaml" time="0.010"></testcase>
		<testcase classname="asyncapi" name="TestV1Conversion" time="0.000"></testcase>
		<testcase classname="asyncapi" name="TestV1Conversion/invalid_yaml" time="0.000"></testcase>
		<testcase classname="asyncapi" name="TestV1Conversion/valid_json" time="0.000"></testcase>
		<testcase classname="asyncapi" name="TestV1Conversion/invalid_json" time="0.000"></testcase>
		<testcase classname="asyncapi" name="TestV1Conversion/valid_yaml" time="0.000"></testcase>
	</testsuite>
	<testsuite tests="9" failures="0" time="0.057" name="github.com/kyma-project/rafter/pkg/endpoint/asyncapi/v1">
		<properties>
			<property name="go.version" value="go1.13.4"></property>
		</properties>
		<testcase classname="v1" name="TestConvert_Mutate" time="0.000"></testcase>
		<testcase classname="v1" name="TestConvert_Mutate_reader_no_modification" time="0.000"></testcase>
		<testcase classname="v1" name="TestConvert_Mutate_reader_err" time="0.000"></testcase>
		<testcase classname="v1" name="TestValidator_Validate" time="0.030"></testcase>
		<testcase classname="v1" name="TestValidator_Validate/invalid_-_json" time="0.010"></testcase>
		<testcase classname="v1" name="TestValidator_Validate/generic_error_-_no_parsing_errors" time="0.000"></testcase>
		<testcase classname="v1" name="TestValidator_Validate/valid_-_yaml" time="0.010"></testcase>
		<testcase classname="v1" name="TestValidator_Validate/invalid_-_yaml" time="0.010"></testcase>
		<testcase classname="v1" name="TestValidator_Validate/valid_-_json" time="0.010"></testcase>
	</testsuite>
	<testsuite tests="5" failures="0" time="0.023" name="github.com/kyma-project/rafter/pkg/extractor">
		<properties>
			<property name="go.version" value="go1.13.4"></property>
		</properties>
		<testcase classname="extractor" name="TestExtractor_ReadMetadata" time="0.000"></testcase>
		<testcase classname="extractor" name="TestExtractor_ReadMetadata/0:_Markdown_success" time="0.000"></testcase>
		<testcase classname="extractor" name="TestExtractor_ReadMetadata/1:_YAML_success" time="0.000"></testcase>
		<testcase classname="extractor" name="TestExtractor_ReadMetadata/2:_Markdown_error" time="0.000"></testcase>
		<testcase classname="extractor" name="TestExtractor_ReadMetadata/3:_YAML_error" time="0.000"></testcase>
	</testsuite>
	<testsuite tests="9" failures="0" time="0.020" name="github.com/kyma-project/rafter/pkg/processor">
		<properties>
			<property name="go.version" value="go1.13.4"></property>
		</properties>
		<testcase classname="processor" name="TestProcessor_Do" time="0.000"></testcase>
		<testcase classname="processor" name="TestProcessor_Do/Success" time="0.000"></testcase>
		<testcase classname="processor" name="TestProcessor_Do/ResultError" time="0.000"></testcase>
		<testcase classname="processor" name="TestProcessor_PopulateErrors" time="0.000"></testcase>
		<testcase classname="processor" name="TestProcessor_PopulateErrors/Errors" time="0.000"></testcase>
		<testcase classname="processor" name="TestProcessor_PopulateErrors/No_Errors" time="0.000"></testcase>
		<testcase classname="processor" name="TestProcessor_PopulateResults" time="0.000"></testcase>
		<testcase classname="processor" name="TestProcessor_PopulateResults/Results" time="0.000"></testcase>
		<testcase classname="processor" name="TestProcessor_PopulateResults/No_Results" time="0.000"></testcase>
	</testsuite>
	<testsuite tests="15" failures="0" time="0.019" name="github.com/kyma-project/rafter/pkg/runtime/endpoint">
		<properties>
			<property name="go.version" value="go1.13.4"></property>
		</properties>
		<testcase classname="endpoint" name="TestMutationEndpoint_Handle" time="0.000"></testcase>
		<testcase classname="endpoint" name="TestMutationEndpoint_Handle/invalid_request" time="0.000"></testcase>
		<testcase classname="endpoint" name="TestMutationEndpoint_Handle/missing_file" time="0.000"></testcase>
		<testcase classname="endpoint" name="TestMutationEndpoint_Handle/OK" time="0.000"></testcase>
		<testcase classname="endpoint" name="TestMutationEndpoint_Handle/validation_failed" time="0.000"></testcase>
		<testcase classname="endpoint" name="TestMutationEndpoint_Handle/no_changes" time="0.000"></testcase>
		<testcase classname="endpoint" name="TestMutationEndpoint_Handle/invalid_method" time="0.000"></testcase>
		<testcase classname="endpoint" name="TestMutationEndpoint_Handle_NoMultipartRequest" time="0.000"></testcase>
		<testcase classname="endpoint" name="TestValidationEndpoint_Handle" time="0.000"></testcase>
		<testcase classname="endpoint" name="TestValidationEndpoint_Handle/invalid_method" time="0.000"></testcase>
		<testcase classname="endpoint" name="TestValidationEndpoint_Handle/invalid_request" time="0.000"></testcase>
		<testcase classname="endpoint" name="TestValidationEndpoint_Handle/missing_file" time="0.000"></testcase>
		<testcase classname="endpoint" name="TestValidationEndpoint_Handle/OK" time="0.000"></testcase>
		<testcase classname="endpoint" name="TestValidationEndpoint_Handle/validation_failed" time="0.000"></testcase>
		<testcase classname="endpoint" name="TestValidationEndpoint_Handle_NoMultipartRequest" time="0.000"></testcase>
	</testsuite>
	<testsuite tests="8" failures="0" time="0.018" name="github.com/kyma-project/rafter/pkg/runtime/service">
		<properties>
			<property name="go.version" value="go1.13.4"></property>
		</properties>
		<testcase classname="service" name="TestService_setupHandlers" time="0.000"></testcase>
		<testcase classname="service" name="TestService_setupHandlers/not_found" time="0.000"></testcase>
		<testcase classname="service" name="TestService_setupHandlers/OK" time="0.000"></testcase>
		<testcase classname="service" name="TestService_setupHandlers/no_endpoints" time="0.000"></testcase>
		<testcase classname="service" name="TestService_Start" time="0.000"></testcase>
		<testcase classname="service" name="TestService_Start/OK" time="0.000"></testcase>
		<testcase classname="service" name="TestService_Start/no_endpoints" time="0.000"></testcase>
		<testcase classname="service" name="TestService_Start/not_found" time="0.000"></testcase>
	</testsuite>
</testsuites>
